2018-06-18 8:34:28 - PHP Notice:  Undefined variable: token in /var/www/clients/client1/web3/web/admin/view/template/extension/module/ochozmegamenu.tpl on line 184
2018-06-18 8:39:45 - PHP Notice:  Undefined variable: token in /var/www/clients/client1/web3/web/admin/view/template/extension/module/ochozmegamenu.tpl on line 184
2018-06-18 9:08:02 - PHP Notice:  Undefined variable: heading_title in /var/www/clients/client1/web3/web/catalog/view/theme/tt_mediacity/template/extension/module/oclayerednavigation/oclayerednavigation.tpl on line 3
2018-06-18 9:08:02 - PHP Notice:  Undefined variable: filter_groups in /var/www/clients/client1/web3/web/catalog/view/theme/tt_mediacity/template/extension/module/oclayerednavigation/oclayerednavigation.tpl on line 8
2018-06-18 9:08:02 - PHP Warning:  Invalid argument supplied for foreach() in /var/www/clients/client1/web3/web/catalog/view/theme/tt_mediacity/template/extension/module/oclayerednavigation/oclayerednavigation.tpl on line 8
2018-06-18 9:08:02 - PHP Notice:  Undefined variable: text_byprice in /var/www/clients/client1/web3/web/catalog/view/theme/tt_mediacity/template/extension/module/oclayerednavigation/oclayerednavigation.tpl on line 27
2018-06-18 9:08:02 - PHP Notice:  Undefined variable: currency_symbol in /var/www/clients/client1/web3/web/catalog/view/theme/tt_mediacity/template/extension/module/oclayerednavigation/oclayerednavigation.tpl on line 32
2018-06-18 9:08:02 - PHP Notice:  Undefined variable: min_price in /var/www/clients/client1/web3/web/catalog/view/theme/tt_mediacity/template/extension/module/oclayerednavigation/oclayerednavigation.tpl on line 33
2018-06-18 9:08:02 - PHP Notice:  Undefined variable: currency_symbol in /var/www/clients/client1/web3/web/catalog/view/theme/tt_mediacity/template/extension/module/oclayerednavigation/oclayerednavigation.tpl on line 34
2018-06-18 9:08:02 - PHP Notice:  Undefined variable: max_price in /var/www/clients/client1/web3/web/catalog/view/theme/tt_mediacity/template/extension/module/oclayerednavigation/oclayerednavigation.tpl on line 35
2018-06-18 9:08:02 - PHP Notice:  Undefined variable: filter_groups in /var/www/clients/client1/web3/web/catalog/view/theme/tt_mediacity/template/extension/module/oclayerednavigation/oclayerednavigation.tpl on line 40
2018-06-18 9:08:02 - PHP Warning:  Invalid argument supplied for foreach() in /var/www/clients/client1/web3/web/catalog/view/theme/tt_mediacity/template/extension/module/oclayerednavigation/oclayerednavigation.tpl on line 40
2018-06-18 9:08:02 - PHP Notice:  Undefined variable: action in /var/www/clients/client1/web3/web/catalog/view/theme/tt_mediacity/template/extension/module/oclayerednavigation/oclayerednavigation.tpl on line 59
2018-06-18 9:08:02 - PHP Notice:  Undefined variable: action in /var/www/clients/client1/web3/web/catalog/view/theme/tt_mediacity/template/extension/module/oclayerednavigation/oclayerednavigation.tpl on line 60
2018-06-18 9:08:02 - PHP Notice:  Undefined variable: min_price in /var/www/clients/client1/web3/web/catalog/view/theme/tt_mediacity/template/extension/module/oclayerednavigation/oclayerednavigation.tpl on line 65
2018-06-18 9:08:02 - PHP Notice:  Undefined variable: max_price in /var/www/clients/client1/web3/web/catalog/view/theme/tt_mediacity/template/extension/module/oclayerednavigation/oclayerednavigation.tpl on line 66
2018-06-18 9:08:04 - PHP Notice:  Undefined variable: heading_title in /var/www/clients/client1/web3/web/catalog/view/theme/tt_mediacity/template/extension/module/oclayerednavigation/oclayerednavigation.tpl on line 3
2018-06-18 9:08:04 - PHP Notice:  Undefined variable: filter_groups in /var/www/clients/client1/web3/web/catalog/view/theme/tt_mediacity/template/extension/module/oclayerednavigation/oclayerednavigation.tpl on line 8
2018-06-18 9:08:04 - PHP Warning:  Invalid argument supplied for foreach() in /var/www/clients/client1/web3/web/catalog/view/theme/tt_mediacity/template/extension/module/oclayerednavigation/oclayerednavigation.tpl on line 8
2018-06-18 9:08:04 - PHP Notice:  Undefined variable: text_byprice in /var/www/clients/client1/web3/web/catalog/view/theme/tt_mediacity/template/extension/module/oclayerednavigation/oclayerednavigation.tpl on line 27
2018-06-18 9:08:04 - PHP Notice:  Undefined variable: currency_symbol in /var/www/clients/client1/web3/web/catalog/view/theme/tt_mediacity/template/extension/module/oclayerednavigation/oclayerednavigation.tpl on line 32
2018-06-18 9:08:04 - PHP Notice:  Undefined variable: min_price in /var/www/clients/client1/web3/web/catalog/view/theme/tt_mediacity/template/extension/module/oclayerednavigation/oclayerednavigation.tpl on line 33
2018-06-18 9:08:04 - PHP Notice:  Undefined variable: currency_symbol in /var/www/clients/client1/web3/web/catalog/view/theme/tt_mediacity/template/extension/module/oclayerednavigation/oclayerednavigation.tpl on line 34
2018-06-18 9:08:04 - PHP Notice:  Undefined variable: max_price in /var/www/clients/client1/web3/web/catalog/view/theme/tt_mediacity/template/extension/module/oclayerednavigation/oclayerednavigation.tpl on line 35
2018-06-18 9:08:04 - PHP Notice:  Undefined variable: filter_groups in /var/www/clients/client1/web3/web/catalog/view/theme/tt_mediacity/template/extension/module/oclayerednavigation/oclayerednavigation.tpl on line 40
2018-06-18 9:08:04 - PHP Warning:  Invalid argument supplied for foreach() in /var/www/clients/client1/web3/web/catalog/view/theme/tt_mediacity/template/extension/module/oclayerednavigation/oclayerednavigation.tpl on line 40
2018-06-18 9:08:04 - PHP Notice:  Undefined variable: action in /var/www/clients/client1/web3/web/catalog/view/theme/tt_mediacity/template/extension/module/oclayerednavigation/oclayerednavigation.tpl on line 59
2018-06-18 9:08:04 - PHP Notice:  Undefined variable: action in /var/www/clients/client1/web3/web/catalog/view/theme/tt_mediacity/template/extension/module/oclayerednavigation/oclayerednavigation.tpl on line 60
2018-06-18 9:08:04 - PHP Notice:  Undefined variable: min_price in /var/www/clients/client1/web3/web/catalog/view/theme/tt_mediacity/template/extension/module/oclayerednavigation/oclayerednavigation.tpl on line 65
2018-06-18 9:08:04 - PHP Notice:  Undefined variable: max_price in /var/www/clients/client1/web3/web/catalog/view/theme/tt_mediacity/template/extension/module/oclayerednavigation/oclayerednavigation.tpl on line 66
2018-06-18 9:08:08 - PHP Notice:  Undefined variable: heading_title in /var/www/clients/client1/web3/web/catalog/view/theme/tt_mediacity/template/extension/module/oclayerednavigation/oclayerednavigation.tpl on line 3
2018-06-18 9:08:08 - PHP Notice:  Undefined variable: filter_groups in /var/www/clients/client1/web3/web/catalog/view/theme/tt_mediacity/template/extension/module/oclayerednavigation/oclayerednavigation.tpl on line 8
2018-06-18 9:08:08 - PHP Warning:  Invalid argument supplied for foreach() in /var/www/clients/client1/web3/web/catalog/view/theme/tt_mediacity/template/extension/module/oclayerednavigation/oclayerednavigation.tpl on line 8
2018-06-18 9:08:08 - PHP Notice:  Undefined variable: text_byprice in /var/www/clients/client1/web3/web/catalog/view/theme/tt_mediacity/template/extension/module/oclayerednavigation/oclayerednavigation.tpl on line 27
2018-06-18 9:08:08 - PHP Notice:  Undefined variable: currency_symbol in /var/www/clients/client1/web3/web/catalog/view/theme/tt_mediacity/template/extension/module/oclayerednavigation/oclayerednavigation.tpl on line 32
2018-06-18 9:08:08 - PHP Notice:  Undefined variable: min_price in /var/www/clients/client1/web3/web/catalog/view/theme/tt_mediacity/template/extension/module/oclayerednavigation/oclayerednavigation.tpl on line 33
2018-06-18 9:08:08 - PHP Notice:  Undefined variable: currency_symbol in /var/www/clients/client1/web3/web/catalog/view/theme/tt_mediacity/template/extension/module/oclayerednavigation/oclayerednavigation.tpl on line 34
2018-06-18 9:08:08 - PHP Notice:  Undefined variable: max_price in /var/www/clients/client1/web3/web/catalog/view/theme/tt_mediacity/template/extension/module/oclayerednavigation/oclayerednavigation.tpl on line 35
2018-06-18 9:08:08 - PHP Notice:  Undefined variable: filter_groups in /var/www/clients/client1/web3/web/catalog/view/theme/tt_mediacity/template/extension/module/oclayerednavigation/oclayerednavigation.tpl on line 40
2018-06-18 9:08:08 - PHP Warning:  Invalid argument supplied for foreach() in /var/www/clients/client1/web3/web/catalog/view/theme/tt_mediacity/template/extension/module/oclayerednavigation/oclayerednavigation.tpl on line 40
2018-06-18 9:08:08 - PHP Notice:  Undefined variable: action in /var/www/clients/client1/web3/web/catalog/view/theme/tt_mediacity/template/extension/module/oclayerednavigation/oclayerednavigation.tpl on line 59
2018-06-18 9:08:08 - PHP Notice:  Undefined variable: action in /var/www/clients/client1/web3/web/catalog/view/theme/tt_mediacity/template/extension/module/oclayerednavigation/oclayerednavigation.tpl on line 60
2018-06-18 9:08:08 - PHP Notice:  Undefined variable: min_price in /var/www/clients/client1/web3/web/catalog/view/theme/tt_mediacity/template/extension/module/oclayerednavigation/oclayerednavigation.tpl on line 65
2018-06-18 9:08:08 - PHP Notice:  Undefined variable: max_price in /var/www/clients/client1/web3/web/catalog/view/theme/tt_mediacity/template/extension/module/oclayerednavigation/oclayerednavigation.tpl on line 66
2018-06-18 9:08:12 - PHP Notice:  Undefined variable: heading_title in /var/www/clients/client1/web3/web/catalog/view/theme/tt_mediacity/template/extension/module/oclayerednavigation/oclayerednavigation.tpl on line 3
2018-06-18 9:08:12 - PHP Notice:  Undefined variable: filter_groups in /var/www/clients/client1/web3/web/catalog/view/theme/tt_mediacity/template/extension/module/oclayerednavigation/oclayerednavigation.tpl on line 8
2018-06-18 9:08:12 - PHP Warning:  Invalid argument supplied for foreach() in /var/www/clients/client1/web3/web/catalog/view/theme/tt_mediacity/template/extension/module/oclayerednavigation/oclayerednavigation.tpl on line 8
2018-06-18 9:08:12 - PHP Notice:  Undefined variable: text_byprice in /var/www/clients/client1/web3/web/catalog/view/theme/tt_mediacity/template/extension/module/oclayerednavigation/oclayerednavigation.tpl on line 27
2018-06-18 9:08:12 - PHP Notice:  Undefined variable: currency_symbol in /var/www/clients/client1/web3/web/catalog/view/theme/tt_mediacity/template/extension/module/oclayerednavigation/oclayerednavigation.tpl on line 32
2018-06-18 9:08:12 - PHP Notice:  Undefined variable: min_price in /var/www/clients/client1/web3/web/catalog/view/theme/tt_mediacity/template/extension/module/oclayerednavigation/oclayerednavigation.tpl on line 33
2018-06-18 9:08:12 - PHP Notice:  Undefined variable: currency_symbol in /var/www/clients/client1/web3/web/catalog/view/theme/tt_mediacity/template/extension/module/oclayerednavigation/oclayerednavigation.tpl on line 34
2018-06-18 9:08:12 - PHP Notice:  Undefined variable: max_price in /var/www/clients/client1/web3/web/catalog/view/theme/tt_mediacity/template/extension/module/oclayerednavigation/oclayerednavigation.tpl on line 35
2018-06-18 9:08:12 - PHP Notice:  Undefined variable: filter_groups in /var/www/clients/client1/web3/web/catalog/view/theme/tt_mediacity/template/extension/module/oclayerednavigation/oclayerednavigation.tpl on line 40
2018-06-18 9:08:12 - PHP Warning:  Invalid argument supplied for foreach() in /var/www/clients/client1/web3/web/catalog/view/theme/tt_mediacity/template/extension/module/oclayerednavigation/oclayerednavigation.tpl on line 40
2018-06-18 9:08:12 - PHP Notice:  Undefined variable: action in /var/www/clients/client1/web3/web/catalog/view/theme/tt_mediacity/template/extension/module/oclayerednavigation/oclayerednavigation.tpl on line 59
2018-06-18 9:08:12 - PHP Notice:  Undefined variable: action in /var/www/clients/client1/web3/web/catalog/view/theme/tt_mediacity/template/extension/module/oclayerednavigation/oclayerednavigation.tpl on line 60
2018-06-18 9:08:12 - PHP Notice:  Undefined variable: min_price in /var/www/clients/client1/web3/web/catalog/view/theme/tt_mediacity/template/extension/module/oclayerednavigation/oclayerednavigation.tpl on line 65
2018-06-18 9:08:12 - PHP Notice:  Undefined variable: max_price in /var/www/clients/client1/web3/web/catalog/view/theme/tt_mediacity/template/extension/module/oclayerednavigation/oclayerednavigation.tpl on line 66
2018-06-18 9:08:15 - PHP Notice:  Undefined variable: heading_title in /var/www/clients/client1/web3/web/catalog/view/theme/tt_mediacity/template/extension/module/oclayerednavigation/oclayerednavigation.tpl on line 3
2018-06-18 9:08:15 - PHP Notice:  Undefined variable: filter_groups in /var/www/clients/client1/web3/web/catalog/view/theme/tt_mediacity/template/extension/module/oclayerednavigation/oclayerednavigation.tpl on line 8
2018-06-18 9:08:15 - PHP Warning:  Invalid argument supplied for foreach() in /var/www/clients/client1/web3/web/catalog/view/theme/tt_mediacity/template/extension/module/oclayerednavigation/oclayerednavigation.tpl on line 8
2018-06-18 9:08:15 - PHP Notice:  Undefined variable: text_byprice in /var/www/clients/client1/web3/web/catalog/view/theme/tt_mediacity/template/extension/module/oclayerednavigation/oclayerednavigation.tpl on line 27
2018-06-18 9:08:15 - PHP Notice:  Undefined variable: currency_symbol in /var/www/clients/client1/web3/web/catalog/view/theme/tt_mediacity/template/extension/module/oclayerednavigation/oclayerednavigation.tpl on line 32
2018-06-18 9:08:15 - PHP Notice:  Undefined variable: min_price in /var/www/clients/client1/web3/web/catalog/view/theme/tt_mediacity/template/extension/module/oclayerednavigation/oclayerednavigation.tpl on line 33
2018-06-18 9:08:15 - PHP Notice:  Undefined variable: currency_symbol in /var/www/clients/client1/web3/web/catalog/view/theme/tt_mediacity/template/extension/module/oclayerednavigation/oclayerednavigation.tpl on line 34
2018-06-18 9:08:15 - PHP Notice:  Undefined variable: max_price in /var/www/clients/client1/web3/web/catalog/view/theme/tt_mediacity/template/extension/module/oclayerednavigation/oclayerednavigation.tpl on line 35
2018-06-18 9:08:15 - PHP Notice:  Undefined variable: filter_groups in /var/www/clients/client1/web3/web/catalog/view/theme/tt_mediacity/template/extension/module/oclayerednavigation/oclayerednavigation.tpl on line 40
2018-06-18 9:08:15 - PHP Warning:  Invalid argument supplied for foreach() in /var/www/clients/client1/web3/web/catalog/view/theme/tt_mediacity/template/extension/module/oclayerednavigation/oclayerednavigation.tpl on line 40
2018-06-18 9:08:15 - PHP Notice:  Undefined variable: action in /var/www/clients/client1/web3/web/catalog/view/theme/tt_mediacity/template/extension/module/oclayerednavigation/oclayerednavigation.tpl on line 59
2018-06-18 9:08:15 - PHP Notice:  Undefined variable: action in /var/www/clients/client1/web3/web/catalog/view/theme/tt_mediacity/template/extension/module/oclayerednavigation/oclayerednavigation.tpl on line 60
2018-06-18 9:08:15 - PHP Notice:  Undefined variable: min_price in /var/www/clients/client1/web3/web/catalog/view/theme/tt_mediacity/template/extension/module/oclayerednavigation/oclayerednavigation.tpl on line 65
2018-06-18 9:08:15 - PHP Notice:  Undefined variable: max_price in /var/www/clients/client1/web3/web/catalog/view/theme/tt_mediacity/template/extension/module/oclayerednavigation/oclayerednavigation.tpl on line 66
2018-06-18 9:08:19 - PHP Notice:  Undefined variable: heading_title in /var/www/clients/client1/web3/web/catalog/view/theme/tt_mediacity/template/extension/module/oclayerednavigation/oclayerednavigation.tpl on line 3
2018-06-18 9:08:19 - PHP Notice:  Undefined variable: filter_groups in /var/www/clients/client1/web3/web/catalog/view/theme/tt_mediacity/template/extension/module/oclayerednavigation/oclayerednavigation.tpl on line 8
2018-06-18 9:08:19 - PHP Warning:  Invalid argument supplied for foreach() in /var/www/clients/client1/web3/web/catalog/view/theme/tt_mediacity/template/extension/module/oclayerednavigation/oclayerednavigation.tpl on line 8
2018-06-18 9:08:19 - PHP Notice:  Undefined variable: text_byprice in /var/www/clients/client1/web3/web/catalog/view/theme/tt_mediacity/template/extension/module/oclayerednavigation/oclayerednavigation.tpl on line 27
2018-06-18 9:08:19 - PHP Notice:  Undefined variable: currency_symbol in /var/www/clients/client1/web3/web/catalog/view/theme/tt_mediacity/template/extension/module/oclayerednavigation/oclayerednavigation.tpl on line 32
2018-06-18 9:08:19 - PHP Notice:  Undefined variable: min_price in /var/www/clients/client1/web3/web/catalog/view/theme/tt_mediacity/template/extension/module/oclayerednavigation/oclayerednavigation.tpl on line 33
2018-06-18 9:08:19 - PHP Notice:  Undefined variable: currency_symbol in /var/www/clients/client1/web3/web/catalog/view/theme/tt_mediacity/template/extension/module/oclayerednavigation/oclayerednavigation.tpl on line 34
2018-06-18 9:08:19 - PHP Notice:  Undefined variable: max_price in /var/www/clients/client1/web3/web/catalog/view/theme/tt_mediacity/template/extension/module/oclayerednavigation/oclayerednavigation.tpl on line 35
2018-06-18 9:08:19 - PHP Notice:  Undefined variable: filter_groups in /var/www/clients/client1/web3/web/catalog/view/theme/tt_mediacity/template/extension/module/oclayerednavigation/oclayerednavigation.tpl on line 40
2018-06-18 9:08:19 - PHP Warning:  Invalid argument supplied for foreach() in /var/www/clients/client1/web3/web/catalog/view/theme/tt_mediacity/template/extension/module/oclayerednavigation/oclayerednavigation.tpl on line 40
2018-06-18 9:08:19 - PHP Notice:  Undefined variable: action in /var/www/clients/client1/web3/web/catalog/view/theme/tt_mediacity/template/extension/module/oclayerednavigation/oclayerednavigation.tpl on line 59
2018-06-18 9:08:19 - PHP Notice:  Undefined variable: action in /var/www/clients/client1/web3/web/catalog/view/theme/tt_mediacity/template/extension/module/oclayerednavigation/oclayerednavigation.tpl on line 60
2018-06-18 9:08:19 - PHP Notice:  Undefined variable: min_price in /var/www/clients/client1/web3/web/catalog/view/theme/tt_mediacity/template/extension/module/oclayerednavigation/oclayerednavigation.tpl on line 65
2018-06-18 9:08:19 - PHP Notice:  Undefined variable: max_price in /var/www/clients/client1/web3/web/catalog/view/theme/tt_mediacity/template/extension/module/oclayerednavigation/oclayerednavigation.tpl on line 66
2018-06-18 9:08:22 - PHP Notice:  Undefined variable: heading_title in /var/www/clients/client1/web3/web/catalog/view/theme/tt_mediacity/template/extension/module/oclayerednavigation/oclayerednavigation.tpl on line 3
2018-06-18 9:08:22 - PHP Notice:  Undefined variable: filter_groups in /var/www/clients/client1/web3/web/catalog/view/theme/tt_mediacity/template/extension/module/oclayerednavigation/oclayerednavigation.tpl on line 8
2018-06-18 9:08:22 - PHP Warning:  Invalid argument supplied for foreach() in /var/www/clients/client1/web3/web/catalog/view/theme/tt_mediacity/template/extension/module/oclayerednavigation/oclayerednavigation.tpl on line 8
2018-06-18 9:08:22 - PHP Notice:  Undefined variable: text_byprice in /var/www/clients/client1/web3/web/catalog/view/theme/tt_mediacity/template/extension/module/oclayerednavigation/oclayerednavigation.tpl on line 27
2018-06-18 9:08:22 - PHP Notice:  Undefined variable: currency_symbol in /var/www/clients/client1/web3/web/catalog/view/theme/tt_mediacity/template/extension/module/oclayerednavigation/oclayerednavigation.tpl on line 32
2018-06-18 9:08:22 - PHP Notice:  Undefined variable: min_price in /var/www/clients/client1/web3/web/catalog/view/theme/tt_mediacity/template/extension/module/oclayerednavigation/oclayerednavigation.tpl on line 33
2018-06-18 9:08:22 - PHP Notice:  Undefined variable: currency_symbol in /var/www/clients/client1/web3/web/catalog/view/theme/tt_mediacity/template/extension/module/oclayerednavigation/oclayerednavigation.tpl on line 34
2018-06-18 9:08:22 - PHP Notice:  Undefined variable: max_price in /var/www/clients/client1/web3/web/catalog/view/theme/tt_mediacity/template/extension/module/oclayerednavigation/oclayerednavigation.tpl on line 35
2018-06-18 9:08:22 - PHP Notice:  Undefined variable: filter_groups in /var/www/clients/client1/web3/web/catalog/view/theme/tt_mediacity/template/extension/module/oclayerednavigation/oclayerednavigation.tpl on line 40
2018-06-18 9:08:22 - PHP Warning:  Invalid argument supplied for foreach() in /var/www/clients/client1/web3/web/catalog/view/theme/tt_mediacity/template/extension/module/oclayerednavigation/oclayerednavigation.tpl on line 40
2018-06-18 9:08:22 - PHP Notice:  Undefined variable: action in /var/www/clients/client1/web3/web/catalog/view/theme/tt_mediacity/template/extension/module/oclayerednavigation/oclayerednavigation.tpl on line 59
2018-06-18 9:08:22 - PHP Notice:  Undefined variable: action in /var/www/clients/client1/web3/web/catalog/view/theme/tt_mediacity/template/extension/module/oclayerednavigation/oclayerednavigation.tpl on line 60
2018-06-18 9:08:22 - PHP Notice:  Undefined variable: min_price in /var/www/clients/client1/web3/web/catalog/view/theme/tt_mediacity/template/extension/module/oclayerednavigation/oclayerednavigation.tpl on line 65
2018-06-18 9:08:22 - PHP Notice:  Undefined variable: max_price in /var/www/clients/client1/web3/web/catalog/view/theme/tt_mediacity/template/extension/module/oclayerednavigation/oclayerednavigation.tpl on line 66
2018-06-18 9:08:26 - PHP Notice:  Undefined variable: heading_title in /var/www/clients/client1/web3/web/catalog/view/theme/tt_mediacity/template/extension/module/oclayerednavigation/oclayerednavigation.tpl on line 3
2018-06-18 9:08:26 - PHP Notice:  Undefined variable: filter_groups in /var/www/clients/client1/web3/web/catalog/view/theme/tt_mediacity/template/extension/module/oclayerednavigation/oclayerednavigation.tpl on line 8
2018-06-18 9:08:26 - PHP Warning:  Invalid argument supplied for foreach() in /var/www/clients/client1/web3/web/catalog/view/theme/tt_mediacity/template/extension/module/oclayerednavigation/oclayerednavigation.tpl on line 8
2018-06-18 9:08:26 - PHP Notice:  Undefined variable: text_byprice in /var/www/clients/client1/web3/web/catalog/view/theme/tt_mediacity/template/extension/module/oclayerednavigation/oclayerednavigation.tpl on line 27
2018-06-18 9:08:26 - PHP Notice:  Undefined variable: currency_symbol in /var/www/clients/client1/web3/web/catalog/view/theme/tt_mediacity/template/extension/module/oclayerednavigation/oclayerednavigation.tpl on line 32
2018-06-18 9:08:26 - PHP Notice:  Undefined variable: min_price in /var/www/clients/client1/web3/web/catalog/view/theme/tt_mediacity/template/extension/module/oclayerednavigation/oclayerednavigation.tpl on line 33
2018-06-18 9:08:26 - PHP Notice:  Undefined variable: currency_symbol in /var/www/clients/client1/web3/web/catalog/view/theme/tt_mediacity/template/extension/module/oclayerednavigation/oclayerednavigation.tpl on line 34
2018-06-18 9:08:26 - PHP Notice:  Undefined variable: max_price in /var/www/clients/client1/web3/web/catalog/view/theme/tt_mediacity/template/extension/module/oclayerednavigation/oclayerednavigation.tpl on line 35
2018-06-18 9:08:26 - PHP Notice:  Undefined variable: filter_groups in /var/www/clients/client1/web3/web/catalog/view/theme/tt_mediacity/template/extension/module/oclayerednavigation/oclayerednavigation.tpl on line 40
2018-06-18 9:08:26 - PHP Warning:  Invalid argument supplied for foreach() in /var/www/clients/client1/web3/web/catalog/view/theme/tt_mediacity/template/extension/module/oclayerednavigation/oclayerednavigation.tpl on line 40
2018-06-18 9:08:26 - PHP Notice:  Undefined variable: action in /var/www/clients/client1/web3/web/catalog/view/theme/tt_mediacity/template/extension/module/oclayerednavigation/oclayerednavigation.tpl on line 59
2018-06-18 9:08:26 - PHP Notice:  Undefined variable: action in /var/www/clients/client1/web3/web/catalog/view/theme/tt_mediacity/template/extension/module/oclayerednavigation/oclayerednavigation.tpl on line 60
2018-06-18 9:08:26 - PHP Notice:  Undefined variable: min_price in /var/www/clients/client1/web3/web/catalog/view/theme/tt_mediacity/template/extension/module/oclayerednavigation/oclayerednavigation.tpl on line 65
2018-06-18 9:08:26 - PHP Notice:  Undefined variable: max_price in /var/www/clients/client1/web3/web/catalog/view/theme/tt_mediacity/template/extension/module/oclayerednavigation/oclayerednavigation.tpl on line 66
2018-06-18 9:08:29 - PHP Notice:  Undefined variable: heading_title in /var/www/clients/client1/web3/web/catalog/view/theme/tt_mediacity/template/extension/module/oclayerednavigation/oclayerednavigation.tpl on line 3
2018-06-18 9:08:29 - PHP Notice:  Undefined variable: filter_groups in /var/www/clients/client1/web3/web/catalog/view/theme/tt_mediacity/template/extension/module/oclayerednavigation/oclayerednavigation.tpl on line 8
2018-06-18 9:08:29 - PHP Warning:  Invalid argument supplied for foreach() in /var/www/clients/client1/web3/web/catalog/view/theme/tt_mediacity/template/extension/module/oclayerednavigation/oclayerednavigation.tpl on line 8
2018-06-18 9:08:29 - PHP Notice:  Undefined variable: text_byprice in /var/www/clients/client1/web3/web/catalog/view/theme/tt_mediacity/template/extension/module/oclayerednavigation/oclayerednavigation.tpl on line 27
2018-06-18 9:08:29 - PHP Notice:  Undefined variable: currency_symbol in /var/www/clients/client1/web3/web/catalog/view/theme/tt_mediacity/template/extension/module/oclayerednavigation/oclayerednavigation.tpl on line 32
2018-06-18 9:08:29 - PHP Notice:  Undefined variable: min_price in /var/www/clients/client1/web3/web/catalog/view/theme/tt_mediacity/template/extension/module/oclayerednavigation/oclayerednavigation.tpl on line 33
2018-06-18 9:08:29 - PHP Notice:  Undefined variable: currency_symbol in /var/www/clients/client1/web3/web/catalog/view/theme/tt_mediacity/template/extension/module/oclayerednavigation/oclayerednavigation.tpl on line 34
2018-06-18 9:08:29 - PHP Notice:  Undefined variable: max_price in /var/www/clients/client1/web3/web/catalog/view/theme/tt_mediacity/template/extension/module/oclayerednavigation/oclayerednavigation.tpl on line 35
2018-06-18 9:08:29 - PHP Notice:  Undefined variable: filter_groups in /var/www/clients/client1/web3/web/catalog/view/theme/tt_mediacity/template/extension/module/oclayerednavigation/oclayerednavigation.tpl on line 40
2018-06-18 9:08:29 - PHP Warning:  Invalid argument supplied for foreach() in /var/www/clients/client1/web3/web/catalog/view/theme/tt_mediacity/template/extension/module/oclayerednavigation/oclayerednavigation.tpl on line 40
2018-06-18 9:08:29 - PHP Notice:  Undefined variable: action in /var/www/clients/client1/web3/web/catalog/view/theme/tt_mediacity/template/extension/module/oclayerednavigation/oclayerednavigation.tpl on line 59
2018-06-18 9:08:29 - PHP Notice:  Undefined variable: action in /var/www/clients/client1/web3/web/catalog/view/theme/tt_mediacity/template/extension/module/oclayerednavigation/oclayerednavigation.tpl on line 60
2018-06-18 9:08:29 - PHP Notice:  Undefined variable: min_price in /var/www/clients/client1/web3/web/catalog/view/theme/tt_mediacity/template/extension/module/oclayerednavigation/oclayerednavigation.tpl on line 65
2018-06-18 9:08:29 - PHP Notice:  Undefined variable: max_price in /var/www/clients/client1/web3/web/catalog/view/theme/tt_mediacity/template/extension/module/oclayerednavigation/oclayerednavigation.tpl on line 66
2018-06-18 9:08:33 - PHP Notice:  Undefined variable: heading_title in /var/www/clients/client1/web3/web/catalog/view/theme/tt_mediacity/template/extension/module/oclayerednavigation/oclayerednavigation.tpl on line 3
2018-06-18 9:08:33 - PHP Notice:  Undefined variable: filter_groups in /var/www/clients/client1/web3/web/catalog/view/theme/tt_mediacity/template/extension/module/oclayerednavigation/oclayerednavigation.tpl on line 8
2018-06-18 9:08:33 - PHP Warning:  Invalid argument supplied for foreach() in /var/www/clients/client1/web3/web/catalog/view/theme/tt_mediacity/template/extension/module/oclayerednavigation/oclayerednavigation.tpl on line 8
2018-06-18 9:08:33 - PHP Notice:  Undefined variable: text_byprice in /var/www/clients/client1/web3/web/catalog/view/theme/tt_mediacity/template/extension/module/oclayerednavigation/oclayerednavigation.tpl on line 27
2018-06-18 9:08:33 - PHP Notice:  Undefined variable: currency_symbol in /var/www/clients/client1/web3/web/catalog/view/theme/tt_mediacity/template/extension/module/oclayerednavigation/oclayerednavigation.tpl on line 32
2018-06-18 9:08:33 - PHP Notice:  Undefined variable: min_price in /var/www/clients/client1/web3/web/catalog/view/theme/tt_mediacity/template/extension/module/oclayerednavigation/oclayerednavigation.tpl on line 33
2018-06-18 9:08:33 - PHP Notice:  Undefined variable: currency_symbol in /var/www/clients/client1/web3/web/catalog/view/theme/tt_mediacity/template/extension/module/oclayerednavigation/oclayerednavigation.tpl on line 34
2018-06-18 9:08:33 - PHP Notice:  Undefined variable: max_price in /var/www/clients/client1/web3/web/catalog/view/theme/tt_mediacity/template/extension/module/oclayerednavigation/oclayerednavigation.tpl on line 35
2018-06-18 9:08:33 - PHP Notice:  Undefined variable: filter_groups in /var/www/clients/client1/web3/web/catalog/view/theme/tt_mediacity/template/extension/module/oclayerednavigation/oclayerednavigation.tpl on line 40
2018-06-18 9:08:33 - PHP Warning:  Invalid argument supplied for foreach() in /var/www/clients/client1/web3/web/catalog/view/theme/tt_mediacity/template/extension/module/oclayerednavigation/oclayerednavigation.tpl on line 40
2018-06-18 9:08:33 - PHP Notice:  Undefined variable: action in /var/www/clients/client1/web3/web/catalog/view/theme/tt_mediacity/template/extension/module/oclayerednavigation/oclayerednavigation.tpl on line 59
2018-06-18 9:08:33 - PHP Notice:  Undefined variable: action in /var/www/clients/client1/web3/web/catalog/view/theme/tt_mediacity/template/extension/module/oclayerednavigation/oclayerednavigation.tpl on line 60
2018-06-18 9:08:33 - PHP Notice:  Undefined variable: min_price in /var/www/clients/client1/web3/web/catalog/view/theme/tt_mediacity/template/extension/module/oclayerednavigation/oclayerednavigation.tpl on line 65
2018-06-18 9:08:33 - PHP Notice:  Undefined variable: max_price in /var/www/clients/client1/web3/web/catalog/view/theme/tt_mediacity/template/extension/module/oclayerednavigation/oclayerednavigation.tpl on line 66
2018-06-18 9:08:37 - PHP Notice:  Undefined variable: heading_title in /var/www/clients/client1/web3/web/catalog/view/theme/tt_mediacity/template/extension/module/oclayerednavigation/oclayerednavigation.tpl on line 3
2018-06-18 9:08:37 - PHP Notice:  Undefined variable: filter_groups in /var/www/clients/client1/web3/web/catalog/view/theme/tt_mediacity/template/extension/module/oclayerednavigation/oclayerednavigation.tpl on line 8
2018-06-18 9:08:37 - PHP Warning:  Invalid argument supplied for foreach() in /var/www/clients/client1/web3/web/catalog/view/theme/tt_mediacity/template/extension/module/oclayerednavigation/oclayerednavigation.tpl on line 8
2018-06-18 9:08:37 - PHP Notice:  Undefined variable: text_byprice in /var/www/clients/client1/web3/web/catalog/view/theme/tt_mediacity/template/extension/module/oclayerednavigation/oclayerednavigation.tpl on line 27
2018-06-18 9:08:37 - PHP Notice:  Undefined variable: currency_symbol in /var/www/clients/client1/web3/web/catalog/view/theme/tt_mediacity/template/extension/module/oclayerednavigation/oclayerednavigation.tpl on line 32
2018-06-18 9:08:37 - PHP Notice:  Undefined variable: min_price in /var/www/clients/client1/web3/web/catalog/view/theme/tt_mediacity/template/extension/module/oclayerednavigation/oclayerednavigation.tpl on line 33
2018-06-18 9:08:37 - PHP Notice:  Undefined variable: currency_symbol in /var/www/clients/client1/web3/web/catalog/view/theme/tt_mediacity/template/extension/module/oclayerednavigation/oclayerednavigation.tpl on line 34
2018-06-18 9:08:37 - PHP Notice:  Undefined variable: max_price in /var/www/clients/client1/web3/web/catalog/view/theme/tt_mediacity/template/extension/module/oclayerednavigation/oclayerednavigation.tpl on line 35
2018-06-18 9:08:37 - PHP Notice:  Undefined variable: filter_groups in /var/www/clients/client1/web3/web/catalog/view/theme/tt_mediacity/template/extension/module/oclayerednavigation/oclayerednavigation.tpl on line 40
2018-06-18 9:08:37 - PHP Warning:  Invalid argument supplied for foreach() in /var/www/clients/client1/web3/web/catalog/view/theme/tt_mediacity/template/extension/module/oclayerednavigation/oclayerednavigation.tpl on line 40
2018-06-18 9:08:37 - PHP Notice:  Undefined variable: action in /var/www/clients/client1/web3/web/catalog/view/theme/tt_mediacity/template/extension/module/oclayerednavigation/oclayerednavigation.tpl on line 59
2018-06-18 9:08:37 - PHP Notice:  Undefined variable: action in /var/www/clients/client1/web3/web/catalog/view/theme/tt_mediacity/template/extension/module/oclayerednavigation/oclayerednavigation.tpl on line 60
2018-06-18 9:08:37 - PHP Notice:  Undefined variable: min_price in /var/www/clients/client1/web3/web/catalog/view/theme/tt_mediacity/template/extension/module/oclayerednavigation/oclayerednavigation.tpl on line 65
2018-06-18 9:08:37 - PHP Notice:  Undefined variable: max_price in /var/www/clients/client1/web3/web/catalog/view/theme/tt_mediacity/template/extension/module/oclayerednavigation/oclayerednavigation.tpl on line 66
2018-06-18 9:08:40 - PHP Notice:  Undefined variable: heading_title in /var/www/clients/client1/web3/web/catalog/view/theme/tt_mediacity/template/extension/module/oclayerednavigation/oclayerednavigation.tpl on line 3
2018-06-18 9:08:40 - PHP Notice:  Undefined variable: filter_groups in /var/www/clients/client1/web3/web/catalog/view/theme/tt_mediacity/template/extension/module/oclayerednavigation/oclayerednavigation.tpl on line 8
2018-06-18 9:08:40 - PHP Warning:  Invalid argument supplied for foreach() in /var/www/clients/client1/web3/web/catalog/view/theme/tt_mediacity/template/extension/module/oclayerednavigation/oclayerednavigation.tpl on line 8
2018-06-18 9:08:40 - PHP Notice:  Undefined variable: text_byprice in /var/www/clients/client1/web3/web/catalog/view/theme/tt_mediacity/template/extension/module/oclayerednavigation/oclayerednavigation.tpl on line 27
2018-06-18 9:08:40 - PHP Notice:  Undefined variable: currency_symbol in /var/www/clients/client1/web3/web/catalog/view/theme/tt_mediacity/template/extension/module/oclayerednavigation/oclayerednavigation.tpl on line 32
2018-06-18 9:08:40 - PHP Notice:  Undefined variable: min_price in /var/www/clients/client1/web3/web/catalog/view/theme/tt_mediacity/template/extension/module/oclayerednavigation/oclayerednavigation.tpl on line 33
2018-06-18 9:08:40 - PHP Notice:  Undefined variable: currency_symbol in /var/www/clients/client1/web3/web/catalog/view/theme/tt_mediacity/template/extension/module/oclayerednavigation/oclayerednavigation.tpl on line 34
2018-06-18 9:08:40 - PHP Notice:  Undefined variable: max_price in /var/www/clients/client1/web3/web/catalog/view/theme/tt_mediacity/template/extension/module/oclayerednavigation/oclayerednavigation.tpl on line 35
2018-06-18 9:08:40 - PHP Notice:  Undefined variable: filter_groups in /var/www/clients/client1/web3/web/catalog/view/theme/tt_mediacity/template/extension/module/oclayerednavigation/oclayerednavigation.tpl on line 40
2018-06-18 9:08:40 - PHP Warning:  Invalid argument supplied for foreach() in /var/www/clients/client1/web3/web/catalog/view/theme/tt_mediacity/template/extension/module/oclayerednavigation/oclayerednavigation.tpl on line 40
2018-06-18 9:08:40 - PHP Notice:  Undefined variable: action in /var/www/clients/client1/web3/web/catalog/view/theme/tt_mediacity/template/extension/module/oclayerednavigation/oclayerednavigation.tpl on line 59
2018-06-18 9:08:40 - PHP Notice:  Undefined variable: action in /var/www/clients/client1/web3/web/catalog/view/theme/tt_mediacity/template/extension/module/oclayerednavigation/oclayerednavigation.tpl on line 60
2018-06-18 9:08:40 - PHP Notice:  Undefined variable: min_price in /var/www/clients/client1/web3/web/catalog/view/theme/tt_mediacity/template/extension/module/oclayerednavigation/oclayerednavigation.tpl on line 65
2018-06-18 9:08:40 - PHP Notice:  Undefined variable: max_price in /var/www/clients/client1/web3/web/catalog/view/theme/tt_mediacity/template/extension/module/oclayerednavigation/oclayerednavigation.tpl on line 66
2018-06-18 9:08:43 - PHP Notice:  Undefined variable: heading_title in /var/www/clients/client1/web3/web/catalog/view/theme/tt_mediacity/template/extension/module/oclayerednavigation/oclayerednavigation.tpl on line 3
2018-06-18 9:08:43 - PHP Notice:  Undefined variable: filter_groups in /var/www/clients/client1/web3/web/catalog/view/theme/tt_mediacity/template/extension/module/oclayerednavigation/oclayerednavigation.tpl on line 8
2018-06-18 9:08:43 - PHP Warning:  Invalid argument supplied for foreach() in /var/www/clients/client1/web3/web/catalog/view/theme/tt_mediacity/template/extension/module/oclayerednavigation/oclayerednavigation.tpl on line 8
2018-06-18 9:08:43 - PHP Notice:  Undefined variable: text_byprice in /var/www/clients/client1/web3/web/catalog/view/theme/tt_mediacity/template/extension/module/oclayerednavigation/oclayerednavigation.tpl on line 27
2018-06-18 9:08:43 - PHP Notice:  Undefined variable: currency_symbol in /var/www/clients/client1/web3/web/catalog/view/theme/tt_mediacity/template/extension/module/oclayerednavigation/oclayerednavigation.tpl on line 32
2018-06-18 9:08:43 - PHP Notice:  Undefined variable: min_price in /var/www/clients/client1/web3/web/catalog/view/theme/tt_mediacity/template/extension/module/oclayerednavigation/oclayerednavigation.tpl on line 33
2018-06-18 9:08:43 - PHP Notice:  Undefined variable: currency_symbol in /var/www/clients/client1/web3/web/catalog/view/theme/tt_mediacity/template/extension/module/oclayerednavigation/oclayerednavigation.tpl on line 34
2018-06-18 9:08:43 - PHP Notice:  Undefined variable: max_price in /var/www/clients/client1/web3/web/catalog/view/theme/tt_mediacity/template/extension/module/oclayerednavigation/oclayerednavigation.tpl on line 35
2018-06-18 9:08:43 - PHP Notice:  Undefined variable: filter_groups in /var/www/clients/client1/web3/web/catalog/view/theme/tt_mediacity/template/extension/module/oclayerednavigation/oclayerednavigation.tpl on line 40
2018-06-18 9:08:43 - PHP Warning:  Invalid argument supplied for foreach() in /var/www/clients/client1/web3/web/catalog/view/theme/tt_mediacity/template/extension/module/oclayerednavigation/oclayerednavigation.tpl on line 40
2018-06-18 9:08:43 - PHP Notice:  Undefined variable: action in /var/www/clients/client1/web3/web/catalog/view/theme/tt_mediacity/template/extension/module/oclayerednavigation/oclayerednavigation.tpl on line 59
2018-06-18 9:08:43 - PHP Notice:  Undefined variable: action in /var/www/clients/client1/web3/web/catalog/view/theme/tt_mediacity/template/extension/module/oclayerednavigation/oclayerednavigation.tpl on line 60
2018-06-18 9:08:43 - PHP Notice:  Undefined variable: min_price in /var/www/clients/client1/web3/web/catalog/view/theme/tt_mediacity/template/extension/module/oclayerednavigation/oclayerednavigation.tpl on line 65
2018-06-18 9:08:43 - PHP Notice:  Undefined variable: max_price in /var/www/clients/client1/web3/web/catalog/view/theme/tt_mediacity/template/extension/module/oclayerednavigation/oclayerednavigation.tpl on line 66
2018-06-18 9:08:45 - PHP Notice:  Undefined variable: heading_title in /var/www/clients/client1/web3/web/catalog/view/theme/tt_mediacity/template/extension/module/oclayerednavigation/oclayerednavigation.tpl on line 3
2018-06-18 9:08:45 - PHP Notice:  Undefined variable: filter_groups in /var/www/clients/client1/web3/web/catalog/view/theme/tt_mediacity/template/extension/module/oclayerednavigation/oclayerednavigation.tpl on line 8
2018-06-18 9:08:45 - PHP Warning:  Invalid argument supplied for foreach() in /var/www/clients/client1/web3/web/catalog/view/theme/tt_mediacity/template/extension/module/oclayerednavigation/oclayerednavigation.tpl on line 8
2018-06-18 9:08:45 - PHP Notice:  Undefined variable: text_byprice in /var/www/clients/client1/web3/web/catalog/view/theme/tt_mediacity/template/extension/module/oclayerednavigation/oclayerednavigation.tpl on line 27
2018-06-18 9:08:45 - PHP Notice:  Undefined variable: currency_symbol in /var/www/clients/client1/web3/web/catalog/view/theme/tt_mediacity/template/extension/module/oclayerednavigation/oclayerednavigation.tpl on line 32
2018-06-18 9:08:45 - PHP Notice:  Undefined variable: min_price in /var/www/clients/client1/web3/web/catalog/view/theme/tt_mediacity/template/extension/module/oclayerednavigation/oclayerednavigation.tpl on line 33
2018-06-18 9:08:45 - PHP Notice:  Undefined variable: currency_symbol in /var/www/clients/client1/web3/web/catalog/view/theme/tt_mediacity/template/extension/module/oclayerednavigation/oclayerednavigation.tpl on line 34
2018-06-18 9:08:45 - PHP Notice:  Undefined variable: max_price in /var/www/clients/client1/web3/web/catalog/view/theme/tt_mediacity/template/extension/module/oclayerednavigation/oclayerednavigation.tpl on line 35
2018-06-18 9:08:45 - PHP Notice:  Undefined variable: filter_groups in /var/www/clients/client1/web3/web/catalog/view/theme/tt_mediacity/template/extension/module/oclayerednavigation/oclayerednavigation.tpl on line 40
2018-06-18 9:08:45 - PHP Warning:  Invalid argument supplied for foreach() in /var/www/clients/client1/web3/web/catalog/view/theme/tt_mediacity/template/extension/module/oclayerednavigation/oclayerednavigation.tpl on line 40
2018-06-18 9:08:45 - PHP Notice:  Undefined variable: action in /var/www/clients/client1/web3/web/catalog/view/theme/tt_mediacity/template/extension/module/oclayerednavigation/oclayerednavigation.tpl on line 59
2018-06-18 9:08:45 - PHP Notice:  Undefined variable: action in /var/www/clients/client1/web3/web/catalog/view/theme/tt_mediacity/template/extension/module/oclayerednavigation/oclayerednavigation.tpl on line 60
2018-06-18 9:08:45 - PHP Notice:  Undefined variable: min_price in /var/www/clients/client1/web3/web/catalog/view/theme/tt_mediacity/template/extension/module/oclayerednavigation/oclayerednavigation.tpl on line 65
2018-06-18 9:08:45 - PHP Notice:  Undefined variable: max_price in /var/www/clients/client1/web3/web/catalog/view/theme/tt_mediacity/template/extension/module/oclayerednavigation/oclayerednavigation.tpl on line 66
2018-06-18 9:08:48 - PHP Notice:  Undefined variable: heading_title in /var/www/clients/client1/web3/web/catalog/view/theme/tt_mediacity/template/extension/module/oclayerednavigation/oclayerednavigation.tpl on line 3
2018-06-18 9:08:48 - PHP Notice:  Undefined variable: filter_groups in /var/www/clients/client1/web3/web/catalog/view/theme/tt_mediacity/template/extension/module/oclayerednavigation/oclayerednavigation.tpl on line 8
2018-06-18 9:08:48 - PHP Warning:  Invalid argument supplied for foreach() in /var/www/clients/client1/web3/web/catalog/view/theme/tt_mediacity/template/extension/module/oclayerednavigation/oclayerednavigation.tpl on line 8
2018-06-18 9:08:48 - PHP Notice:  Undefined variable: text_byprice in /var/www/clients/client1/web3/web/catalog/view/theme/tt_mediacity/template/extension/module/oclayerednavigation/oclayerednavigation.tpl on line 27
2018-06-18 9:08:48 - PHP Notice:  Undefined variable: currency_symbol in /var/www/clients/client1/web3/web/catalog/view/theme/tt_mediacity/template/extension/module/oclayerednavigation/oclayerednavigation.tpl on line 32
2018-06-18 9:08:48 - PHP Notice:  Undefined variable: min_price in /var/www/clients/client1/web3/web/catalog/view/theme/tt_mediacity/template/extension/module/oclayerednavigation/oclayerednavigation.tpl on line 33
2018-06-18 9:08:48 - PHP Notice:  Undefined variable: currency_symbol in /var/www/clients/client1/web3/web/catalog/view/theme/tt_mediacity/template/extension/module/oclayerednavigation/oclayerednavigation.tpl on line 34
2018-06-18 9:08:48 - PHP Notice:  Undefined variable: max_price in /var/www/clients/client1/web3/web/catalog/view/theme/tt_mediacity/template/extension/module/oclayerednavigation/oclayerednavigation.tpl on line 35
2018-06-18 9:08:48 - PHP Notice:  Undefined variable: filter_groups in /var/www/clients/client1/web3/web/catalog/view/theme/tt_mediacity/template/extension/module/oclayerednavigation/oclayerednavigation.tpl on line 40
2018-06-18 9:08:48 - PHP Warning:  Invalid argument supplied for foreach() in /var/www/clients/client1/web3/web/catalog/view/theme/tt_mediacity/template/extension/module/oclayerednavigation/oclayerednavigation.tpl on line 40
2018-06-18 9:08:48 - PHP Notice:  Undefined variable: action in /var/www/clients/client1/web3/web/catalog/view/theme/tt_mediacity/template/extension/module/oclayerednavigation/oclayerednavigation.tpl on line 59
2018-06-18 9:08:48 - PHP Notice:  Undefined variable: action in /var/www/clients/client1/web3/web/catalog/view/theme/tt_mediacity/template/extension/module/oclayerednavigation/oclayerednavigation.tpl on line 60
2018-06-18 9:08:48 - PHP Notice:  Undefined variable: min_price in /var/www/clients/client1/web3/web/catalog/view/theme/tt_mediacity/template/extension/module/oclayerednavigation/oclayerednavigation.tpl on line 65
2018-06-18 9:08:48 - PHP Notice:  Undefined variable: max_price in /var/www/clients/client1/web3/web/catalog/view/theme/tt_mediacity/template/extension/module/oclayerednavigation/oclayerednavigation.tpl on line 66
2018-06-20 3:05:58 - PHP Notice:  Undefined variable: heading_title in /var/www/clients/client1/web3/web/catalog/view/theme/tt_mediacity/template/extension/module/oclayerednavigation/oclayerednavigation.tpl on line 3
2018-06-20 3:05:58 - PHP Notice:  Undefined variable: filter_groups in /var/www/clients/client1/web3/web/catalog/view/theme/tt_mediacity/template/extension/module/oclayerednavigation/oclayerednavigation.tpl on line 8
2018-06-20 3:05:58 - PHP Warning:  Invalid argument supplied for foreach() in /var/www/clients/client1/web3/web/catalog/view/theme/tt_mediacity/template/extension/module/oclayerednavigation/oclayerednavigation.tpl on line 8
2018-06-20 3:05:58 - PHP Notice:  Undefined variable: text_byprice in /var/www/clients/client1/web3/web/catalog/view/theme/tt_mediacity/template/extension/module/oclayerednavigation/oclayerednavigation.tpl on line 27
2018-06-20 3:05:58 - PHP Notice:  Undefined variable: currency_symbol in /var/www/clients/client1/web3/web/catalog/view/theme/tt_mediacity/template/extension/module/oclayerednavigation/oclayerednavigation.tpl on line 32
2018-06-20 3:05:58 - PHP Notice:  Undefined variable: min_price in /var/www/clients/client1/web3/web/catalog/view/theme/tt_mediacity/template/extension/module/oclayerednavigation/oclayerednavigation.tpl on line 33
2018-06-20 3:05:58 - PHP Notice:  Undefined variable: currency_symbol in /var/www/clients/client1/web3/web/catalog/view/theme/tt_mediacity/template/extension/module/oclayerednavigation/oclayerednavigation.tpl on line 34
2018-06-20 3:05:58 - PHP Notice:  Undefined variable: max_price in /var/www/clients/client1/web3/web/catalog/view/theme/tt_mediacity/template/extension/module/oclayerednavigation/oclayerednavigation.tpl on line 35
2018-06-20 3:05:58 - PHP Notice:  Undefined variable: filter_groups in /var/www/clients/client1/web3/web/catalog/view/theme/tt_mediacity/template/extension/module/oclayerednavigation/oclayerednavigation.tpl on line 40
2018-06-20 3:05:58 - PHP Warning:  Invalid argument supplied for foreach() in /var/www/clients/client1/web3/web/catalog/view/theme/tt_mediacity/template/extension/module/oclayerednavigation/oclayerednavigation.tpl on line 40
2018-06-20 3:05:58 - PHP Notice:  Undefined variable: action in /var/www/clients/client1/web3/web/catalog/view/theme/tt_mediacity/template/extension/module/oclayerednavigation/oclayerednavigation.tpl on line 59
2018-06-20 3:05:58 - PHP Notice:  Undefined variable: action in /var/www/clients/client1/web3/web/catalog/view/theme/tt_mediacity/template/extension/module/oclayerednavigation/oclayerednavigation.tpl on line 60
2018-06-20 3:05:58 - PHP Notice:  Undefined variable: min_price in /var/www/clients/client1/web3/web/catalog/view/theme/tt_mediacity/template/extension/module/oclayerednavigation/oclayerednavigation.tpl on line 65
2018-06-20 3:05:58 - PHP Notice:  Undefined variable: max_price in /var/www/clients/client1/web3/web/catalog/view/theme/tt_mediacity/template/extension/module/oclayerednavigation/oclayerednavigation.tpl on line 66
